0 info it worked if it ends with ok
1 verbose cli [ 'C:\\Program Files (x86)\\nodejs\\node.exe',
1 verbose cli   'C:\\Program Files (x86)\\nodejs\\node_modules\\npm\\bin\\npm-cli.js',
1 verbose cli   'publish',
1 verbose cli   '--no-cache' ]
2 info using npm@5.3.0
3 info using node@v8.5.0
4 verbose npm-session 88dff829934c808e
5 verbose publish [ '.' ]
6 info lifecycle vue-wheel-test@0.0.1~prepublish: vue-wheel-test@0.0.1
7 info lifecycle vue-wheel-test@0.0.1~prepare: vue-wheel-test@0.0.1
8 info lifecycle vue-wheel-test@0.0.1~prepublishOnly: vue-wheel-test@0.0.1
9 info lifecycle vue-wheel-test@0.0.1~prepack: vue-wheel-test@0.0.1
10 verbose tar pack [ 'C:\\Users\\ying\\AppData\\Local\\Temp\\npm-5464-f259c337\\tmp\\packing-fe69f8b3\\package.tgz',
10 verbose tar pack   '.' ]
11 verbose tarball C:\Users\ying\AppData\Local\Temp\npm-5464-f259c337\tmp\packing-fe69f8b3\package.tgz
12 verbose folder .
13 info lifecycle vue-wheel-test@0.0.1~postpack: vue-wheel-test@0.0.1
14 verbose getPublishConfig undefined
15 silly mapToRegistry name vue-wheel-test
16 silly mapToRegistry using default registry
17 silly mapToRegistry registry https://registry.npmjs.org/
18 silly mapToRegistry data { type: 'tag',
18 silly mapToRegistry   registry: true,
18 silly mapToRegistry   where: undefined,
18 silly mapToRegistry   raw: 'vue-wheel-test',
18 silly mapToRegistry   name: 'vue-wheel-test',
18 silly mapToRegistry   escapedName: 'vue-wheel-test',
18 silly mapToRegistry   scope: undefined,
18 silly mapToRegistry   rawSpec: '',
18 silly mapToRegistry   saveSpec: null,
18 silly mapToRegistry   fetchSpec: 'latest',
18 silly mapToRegistry   gitRange: undefined,
18 silly mapToRegistry   gitCommittish: undefined,
18 silly mapToRegistry   hosted: undefined }
19 silly mapToRegistry uri https://registry.npmjs.org/vue-wheel-test
20 verbose publish registryBase https://registry.npmjs.org/
21 silly publish uploading C:\Users\ying\AppData\Local\Temp\npm-5464-f259c337\tmp\fromDir-c31c650c\package.tgz
22 verbose request uri https://registry.npmjs.org/vue-wheel-test
23 verbose request sending authorization for write operation
24 info attempt registry request try #1 at 12:12:50
25 verbose request using bearer token for auth
26 verbose request id c610b24919ddcd9b
27 http request PUT https://registry.npmjs.org/vue-wheel-test
28 http 403 https://registry.npmjs.org/vue-wheel-test
29 verbose headers { date: 'Wed, 29 Aug 2018 04:12:54 GMT',
29 verbose headers   'content-type': 'application/json',
29 verbose headers   'transfer-encoding': 'chunked',
29 verbose headers   connection: 'keep-alive',
29 verbose headers   'set-cookie': [ '__cfduid=d931c163360a523ae945d7ebe7eb7b6501535515974; expires=Thu, 29-Aug-19 04:12:54 GMT; path=/; domain=.registry.npmjs.org; HttpOnly' ],
29 verbose headers   'cf-ray': '451c2e8d98bf6e26-SJC',
29 verbose headers   'expect-ct': 'max-age=604800, report-uri="https://report-uri.cloudflare.com/cdn-cgi/beacon/expect-ct"',
29 verbose headers   vary: 'Accept-Encoding',
29 verbose headers   server: 'cloudflare',
29 verbose headers   'content-encoding': 'gzip' }
30 error publish Failed PUT 403
31 verbose stack Error: you must verify your email before publishing a new package: https://www.npmjs.com/email-edit : vue-wheel-test
31 verbose stack     at makeError (C:\Program Files (x86)\nodejs\node_modules\npm\node_modules\npm-registry-client\lib\request.js:314:12)
31 verbose stack     at RegClient.<anonymous> (C:\Program Files (x86)\nodejs\node_modules\npm\node_modules\npm-registry-client\lib\request.js:302:14)
31 verbose stack     at C:\Program Files (x86)\nodejs\node_modules\npm\node_modules\npm-registry-client\lib\request.js:222:7
31 verbose stack     at Gunzip.onEnd (zlib.js:130:5)
31 verbose stack     at emitNone (events.js:110:20)
31 verbose stack     at Gunzip.emit (events.js:207:7)
31 verbose stack     at endReadableNT (_stream_readable.js:1059:12)
31 verbose stack     at _combinedTickCallback (internal/process/next_tick.js:138:11)
31 verbose stack     at process._tickCallback (internal/process/next_tick.js:180:9)
32 verbose statusCode 403
33 verbose pkgid vue-wheel-test
34 verbose cwd C:\Users\ying\Desktop\project\vue-wheel
35 verbose Windows_NT 6.1.7600
36 verbose argv "C:\\Program Files (x86)\\nodejs\\node.exe" "C:\\Program Files (x86)\\nodejs\\node_modules\\npm\\bin\\npm-cli.js" "publish" "--no-cache"
37 verbose node v8.5.0
38 verbose npm  v5.3.0
39 error code E403
40 error you must verify your email before publishing a new package: https://www.npmjs.com/email-edit : vue-wheel-test
41 verbose exit [ 1, true ]
